<?xml version="1.0" encoding="UTF-8"?>
<testsuite name="IntroLabTest" tests="2" skipped="0" failures="0" errors="0" timestamp="2022-09-12T21:14:15" hostname="DESKTOP-TH8FU8F" time="0.053">
  <properties/>
  <testcase name="testXuxiny40" classname="IntroLabTest" time="0.046"/>
  <testcase name="testExampleStudent" classname="IntroLabTest" time="0.007"/>
  <system-out><![CDATA[]]></system-out>
  <system-err><![CDATA[]]></system-err>
</testsuite>
